<?xml version="1.0" encoding="UTF-8"?>
<testng-results skipped="0" failed="0" ignored="0" total="2" passed="2">
  <reporter-output>
  </reporter-output>
  <suite name="Suite" duration-ms="59119" started-at="2019-01-20T09:24:19Z" finished-at="2019-01-20T09:25:18Z">
    <groups>
    </groups>
    <test name="Test" duration-ms="59119" started-at="2019-01-20T09:24:19Z" finished-at="2019-01-20T09:25:18Z">
      <class name="servicensw.tests.searchTest">
        <test-method status="PASS" signature="beforeSuite(org.testng.ITestContext)[pri:0, instance:servicensw.tests.searchTest@1efbd816]" name="beforeSuite" is-config="true" duration-ms="512" started-at="2019-01-20T09:24:19Z" finished-at="2019-01-20T09:24:19Z">
          <params>
            <param index="0">
              <value>
                <![CDATA[org.testng.TestRunner@2a551a63]]>
              </value>
            </param>
          </params>
          <reporter-output>
          </reporter-output>
        </test-method> <!-- beforeSuite -->
        <test-method status="PASS" signature="beforeTest(org.testng.ITestContext)[pri:0, instance:servicensw.tests.searchTest@1efbd816]" name="beforeTest" is-config="true" duration-ms="22" started-at="2019-01-20T09:24:19Z" finished-at="2019-01-20T09:24:19Z">
          <params>
            <param index="0">
              <value>
                <![CDATA[org.testng.TestRunner@2a551a63]]>
              </value>
            </param>
          </params>
          <reporter-output>
          </reporter-output>
        </test-method> <!-- beforeTest -->
        <test-method status="PASS" signature="beforeClass(org.testng.ITestContext)[pri:0, instance:servicensw.tests.searchTest@1efbd816]" name="beforeClass" is-config="true" duration-ms="8238" started-at="2019-01-20T09:24:19Z" finished-at="2019-01-20T09:24:27Z">
          <params>
            <param index="0">
              <value>
                <![CDATA[org.testng.TestRunner@2a551a63]]>
              </value>
            </param>
          </params>
          <reporter-output>
          </reporter-output>
        </test-method> <!-- beforeClass -->
        <test-method status="PASS" signature="beforeMethod(java.lang.reflect.Method)[pri:0, instance:servicensw.tests.searchTest@1efbd816]" name="beforeMethod" is-config="true" duration-ms="17" started-at="2019-01-20T09:24:28Z" finished-at="2019-01-20T09:24:28Z">
          <params>
            <param index="0">
              <value>
                <![CDATA[private void servicensw.tests.searchTest.searchLocateTest(java.lang.String,java.lang.String) throws java.lang.InterruptedException]]>
              </value>
            </param>
          </params>
          <reporter-output>
          </reporter-output>
        </test-method> <!-- beforeMethod -->
        <test-method status="PASS" signature="searchLocateTest(java.lang.String, java.lang.String)[pri:1, instance:servicensw.tests.searchTest@1efbd816]" name="searchLocateTest" duration-ms="27601" started-at="2019-01-20T09:24:28Z" data-provider="inputs" finished-at="2019-01-20T09:24:55Z">
          <params>
            <param index="0">
              <value>
                <![CDATA[Sydney 2000]]>
              </value>
            </param>
            <param index="1">
              <value>
                <![CDATA[Marrickville Service Centre]]>
              </value>
            </param>
          </params>
          <reporter-output>
          </reporter-output>
        </test-method> <!-- searchLocateTest -->
        <test-method status="PASS" signature="afterMethod(org.testng.ITestResult)[pri:0, instance:servicensw.tests.searchTest@1efbd816]" name="afterMethod" is-config="true" duration-ms="2" started-at="2019-01-20T09:24:55Z" finished-at="2019-01-20T09:24:55Z">
          <params>
            <param index="0">
              <value>
                <![CDATA[[TestResult name=searchLocateTest status=SUCCESS method=searchTest.searchLocateTest(java.lang.String, java.lang.String)[pri:1, instance:servicensw.tests.searchTest@1efbd816] output={null}]]]>
              </value>
            </param>
          </params>
          <reporter-output>
          </reporter-output>
        </test-method> <!-- afterMethod -->
        <test-method status="PASS" signature="beforeMethod(java.lang.reflect.Method)[pri:0, instance:servicensw.tests.searchTest@1efbd816]" name="beforeMethod" is-config="true" duration-ms="156" started-at="2019-01-20T09:24:55Z" finished-at="2019-01-20T09:24:55Z">
          <params>
            <param index="0">
              <value>
                <![CDATA[private void servicensw.tests.searchTest.searchLocateTest(java.lang.String,java.lang.String) throws java.lang.InterruptedException]]>
              </value>
            </param>
          </params>
          <reporter-output>
          </reporter-output>
        </test-method> <!-- beforeMethod -->
        <test-method status="PASS" signature="searchLocateTest(java.lang.String, java.lang.String)[pri:1, instance:servicensw.tests.searchTest@1efbd816]" name="searchLocateTest" duration-ms="22274" started-at="2019-01-20T09:24:55Z" data-provider="inputs" finished-at="2019-01-20T09:25:18Z">
          <params>
            <param index="0">
              <value>
                <![CDATA[Sydney Domestic Airport 2020]]>
              </value>
            </param>
            <param index="1">
              <value>
                <![CDATA[Rockdale Service Centre]]>
              </value>
            </param>
          </params>
          <reporter-output>
          </reporter-output>
        </test-method> <!-- searchLocateTest -->
        <test-method status="PASS" signature="afterMethod(org.testng.ITestResult)[pri:0, instance:servicensw.tests.searchTest@1efbd816]" name="afterMethod" is-config="true" duration-ms="2" started-at="2019-01-20T09:25:18Z" finished-at="2019-01-20T09:25:18Z">
          <params>
            <param index="0">
              <value>
                <![CDATA[[TestResult name=searchLocateTest status=SUCCESS method=searchTest.searchLocateTest(java.lang.String, java.lang.String)[pri:1, instance:servicensw.tests.searchTest@1efbd816] output={null}]]]>
              </value>
            </param>
          </params>
          <reporter-output>
          </reporter-output>
        </test-method> <!-- afterMethod -->
        <test-method status="PASS" signature="afterClass()[pri:0, instance:servicensw.tests.searchTest@1efbd816]" name="afterClass" is-config="true" duration-ms="762" started-at="2019-01-20T09:25:18Z" finished-at="2019-01-20T09:25:18Z">
          <reporter-output>
          </reporter-output>
        </test-method> <!-- afterClass -->
        <test-method status="PASS" signature="afterSuite()[pri:0, instance:servicensw.tests.searchTest@1efbd816]" name="afterSuite" is-config="true" duration-ms="1288" started-at="2019-01-20T09:25:18Z" finished-at="2019-01-20T09:25:20Z">
          <reporter-output>
          </reporter-output>
        </test-method> <!-- afterSuite -->
      </class> <!-- servicensw.tests.searchTest -->
    </test> <!-- Test -->
  </suite> <!-- Suite -->
</testng-results>
